<?xml version="1.0" encoding="UTF-8"?>
<!-- Generated by org.testng.reporters.JUnitXMLReporter -->
<testsuite hostname="LTIN147205" ignored="2" name="Chrome" tests="11" failures="0" timestamp="2022-04-08T21:24:25 IST" time="79.7" errors="0">
  <testcase name="holidayHomes" time="5.545" classname="Tests.HolidayHomes"/>
  <testcase name="searchPage" time="15.29" classname="Tests.HolidayHomes"/>
  <testcase name="resultsPage" time="3.798" classname="Tests.HolidayHomes"/>
  <testcase name="SortBy" time="2.315" classname="Tests.HolidayHomes"/>
  <testcase name="liftAccess" time="2.613" classname="Tests.HolidayHomes"/>
  <testcase name="holidayHomePrice" time="3.709" classname="Tests.HolidayHomes"/>
  <testcase name="returnHomePage" time="1.429" classname="Tests.HolidayHomes"/>
  <testcase name="cruisesHome" time="11.128" classname="Tests.Cruises"/>
  <testcase name="selectCruises" time="9.082" classname="Tests.Cruises"/>
  <testcase name="shipDetails" time="12.661" classname="Tests.Cruises"/>
  <testcase name="close" time="2.726" classname="Tests.Cruises"/>
  <testcase name="@AfterTest flushReport" time="0.0" classname="Utilities.ExtentReport">
    <ignored/>
  </testcase> <!-- @AfterTest flushReport -->
  <testcase name="@BeforeTest extentReport" time="0.0" classname="Utilities.ExtentReport">
    <ignored/>
  </testcase> <!-- @BeforeTest extentReport -->
</testsuite> <!-- Chrome -->
