<?xml version="1.0" encoding="UTF-8"?>
<!-- Generated by org.testng.reporters.JUnitXMLReporter -->
<testsuite hostname="LTIN147205" ignored="2" name="MS-Edge" tests="11" failures="0" timestamp="2022-04-08T21:25:48 IST" time="82.731" errors="0">
  <testcase name="holidayHomes" time="6.647" classname="Tests.HolidayHomes"/>
  <testcase name="searchPage" time="16.895" classname="Tests.HolidayHomes"/>
  <testcase name="resultsPage" time="4.04" classname="Tests.HolidayHomes"/>
  <testcase name="SortBy" time="2.44" classname="Tests.HolidayHomes"/>
  <testcase name="liftAccess" time="2.881" classname="Tests.HolidayHomes"/>
  <testcase name="holidayHomePrice" time="2.612" classname="Tests.HolidayHomes"/>
  <testcase name="returnHomePage" time="2.468" classname="Tests.HolidayHomes"/>
  <testcase name="cruisesHome" time="12.504" classname="Tests.Cruises"/>
  <testcase name="selectCruises" time="9.197" classname="Tests.Cruises"/>
  <testcase name="shipDetails" time="13.344" classname="Tests.Cruises"/>
  <testcase name="close" time="3.352" classname="Tests.Cruises"/>
  <testcase name="@AfterTest flushReport" time="0.0" classname="Utilities.ExtentReport">
    <ignored/>
  </testcase> <!-- @AfterTest flushReport -->
  <testcase name="@BeforeTest extentReport" time="0.0" classname="Utilities.ExtentReport">
    <ignored/>
  </testcase> <!-- @BeforeTest extentReport -->
</testsuite> <!-- MS-Edge -->
